Compiling the C compiler identification source file "CMakeCCompilerId.c" failed.
Compiler: C:/MinGW/gcc-arm-none-eabi-10.3-2021.10/bin/arm-none-eabi-gcc.exe 
Build flags: 
Id flags:  

The output was:
1
c:/mingw/gcc-arm-none-eabi-10.3-2021.10/bin/../lib/gcc/arm-none-eabi/10.3.1/../../../../arm-none-eabi/bin/ld.exe: c:/mingw/gcc-arm-none-eabi-10.3-2021.10/bin/../lib/gcc/arm-none-eabi/10.3.1/../../../../arm-none-eabi/lib\libc.a(lib_a-exit.o): in function `exit':
exit.c:(.text.exit+0x2c): undefined reference to `_exit'
collect2.exe: error: ld returned 1 exit status


Compiling the CXX compiler identification source file "CMakeCXXCompilerId.cpp" failed.
Compiler: C:/MinGW/gcc-arm-none-eabi-10.3-2021.10/bin/arm-none-eabi-g++.exe 
Build flags: 
Id flags:  

The output was:
1
c:/mingw/gcc-arm-none-eabi-10.3-2021.10/bin/../lib/gcc/arm-none-eabi/10.3.1/../../../../arm-none-eabi/bin/ld.exe: c:/mingw/gcc-arm-none-eabi-10.3-2021.10/bin/../lib/gcc/arm-none-eabi/10.3.1/../../../../arm-none-eabi/lib\libc.a(lib_a-exit.o): in function `exit':
exit.c:(.text.exit+0x2c): undefined reference to `_exit'
collect2.exe: error: ld returned 1 exit status


Determining if the C compiler works failed with the following output:
Change Dir: C:/Users/Whisky/CLionProjects/Project_STM32/STM32_F407_VET6/2021 年 校赛A题/Signal measure -main/cmake-build-default-mingw-stm32/CMakeFiles/CMakeTmp

Run Build Command(s):C:/MinGW/bin/mingw32-make.exe cmTC_fe690/fast && C:/MinGW/bin/mingw32-make.exe  -f CMakeFiles\cmTC_fe690.dir\build.make CMakeFiles/cmTC_fe690.dir/build
mingw32-make.exe[1]: Entering directory 'C:/Users/Whisky/CLionProjects/Project_STM32/STM32_F407_VET6/2021 年 校赛A题/Signal measure -main/cmake-build-default-mingw-stm32/CMakeFiles/CMakeTmp'
Building C object CMakeFiles/cmTC_fe690.dir/testCCompiler.c.obj
C:\MinGW\gcc-arm-none-eabi-10.3-2021.10\bin\arm-none-eabi-gcc.exe    -o CMakeFiles\cmTC_fe690.dir\testCCompiler.c.obj   -c "C:\Users\Whisky\CLionProjects\Project_STM32\STM32_F407_VET6\2021 骞?鏍¤禌A棰榎Signal measure -main\cmake-build-default-mingw-stm32\CMakeFiles\CMakeTmp\testCCompiler.c"
arm-none-eabi-gcc.exe: error: C:\Users\Whisky\CLionProjects\Project_STM32\STM32_F407_VET6\2021 骞?鏍¤禌A棰榎Signal measure -main\cmake-build-default-mingw-stm32\CMakeFiles\CMakeTmp\testCCompiler.c: Invalid argument
arm-none-eabi-gcc.exe: fatal error: no input files
compilation terminated.
mingw32-make.exe[1]: *** [CMakeFiles\cmTC_fe690.dir\build.make:85: CMakeFiles/cmTC_fe690.dir/testCCompiler.c.obj] Error 1
mingw32-make.exe[1]: Leaving directory 'C:/Users/Whisky/CLionProjects/Project_STM32/STM32_F407_VET6/2021 年 校赛A题/Signal measure -main/cmake-build-default-mingw-stm32/CMakeFiles/CMakeTmp'
mingw32-make.exe: *** [Makefile:140: cmTC_fe690/fast] Error 2



